<?xml version="1.0" encoding="UTF-8"?>
<!-- Generated by org.testng.reporters.JUnitReportReporter -->
<testsuite hostname="HossainXPS8960" failures="0" tests="4" name="Day1.HTTPRequests" time="2.411" errors="0" timestamp="2024-11-20T22:21:44 EST" skipped="0">
  <testcase classname="Day1.HTTPRequests" name="getUsers" time="1.315"/>
  <testcase classname="Day1.HTTPRequests" name="creatUsers" time="0.480"/>
  <testcase classname="Day1.HTTPRequests" name="updateUser" time="0.316"/>
  <testcase classname="Day1.HTTPRequests" name="deleteUser" time="0.300"/>
</testsuite> <!-- Day1.HTTPRequests -->
